<?xml version="1.0" encoding="UTF-8"?>
<!-- Generated by org.testng.reporters.JUnitXMLReporter -->
<testsuite ignored="0" hostname="DESKTOP-0TK5P9S" failures="1" tests="4" name="Test" time="8.364" errors="0" timestamp="2021-04-28T09:12:17 CST">
  <testcase classname="assignment.selenium.SeleniumTest10_12" name="test10_12" time="0.536">
    <skipped/>
  </testcase> <!-- test10_12 -->
  <testcase classname="assignment.selenium.SeleniumTest10_12" name="test10_12" time="0.029">
    <skipped/>
  </testcase> <!-- test10_12 -->
  <testcase classname="assignment.selenium.SeleniumTest10_12" name="test10_12" time="0.02">
    <skipped/>
  </testcase> <!-- test10_12 -->
  <testcase classname="assignment.selenium.SeleniumTest10_12" name="test10_12" time="0.023">
    <failure type="java.lang.AssertionError" message="expected [Dashboard] but found [Dashoard]">
      <![CDATA[java.lang.AssertionError: expected [Dashboard] but found [Dashoard]
at assignment.selenium.SeleniumTest10_12.test10_12(SeleniumTest10_12.java:61)
at java.base/java.util.ArrayList.forEach(ArrayList.java:1510)
... Removed 32 stack frames]]>
    </failure>
  </testcase> <!-- test10_12 -->
</testsuite> <!-- Test -->
